#
# There is insufficient memory for the Java Runtime Environment to continue.
# Native memory allocation (malloc) failed to allocate 1145776 bytes for Chunk::new
# Possible reasons:
#   The system is out of physical RAM or swap space
#   In 32 bit mode, the process size limit was hit
# Possible solutions:
#   Reduce memory load on the system
#   Increase physical memory or swap space
#   Check if swap backing store is full
#   Use 64 bit Java on a 64 bit OS
#   Decrease Java heap size (-Xmx/-Xms)
#   Decrease number of Java threads
#   Decrease Java thread stack sizes (-Xss)
#   Set larger code cache with -XX:ReservedCodeCacheSize=
# This output file may be truncated or incomplete.
#
#  Out of Memory Error (allocation.cpp:390), pid=62328, tid=0x000000000000f5f0
#
# JRE version: OpenJDK Runtime Environment (8.0_152-b01) (build 1.8.0_152-release-1343-b01)
# Java VM: OpenJDK 64-Bit Server VM (25.152-b01 mixed mode windows-amd64 compressed oops)
# Failed to write core dump. Minidumps are not enabled by default on client versions of Windows
#

---------------  T H R E A D  ---------------

Current thread (0x0000000017cbd000):  JavaThread "C2 CompilerThread2" daemon [_thread_in_native, id=62960, stack(0x0000000019500000,0x0000000019600000)]

Stack: [0x0000000019500000,0x0000000019600000]
[error occurred during error reporting (printing stack bounds), id 0xc0000005]

Native frames: (J=compiled Java code, j=interpreted, Vv=VM code, C=native code)


Current CompileTask:
C2:1321152 20783       4       org.jetbrains.kotlin.load.java.typeEnhancement.TypeEnhancementKt::enhanceInflexible (636 bytes)


---------------  P R O C E S S  ---------------

Java Threads: ( => current thread )
  0x000000001d0b7800 JavaThread "RMI RenewClean-[127.0.0.1:58260,org.jetbrains.kotlin.daemon.common.LoopbackNetworkInterface$ClientLoopbackSocketFactory@1074800b]" daemon [_thread_blocked, id=63512, stack(0x0000000024e60000,0x0000000024f60000)]
  0x000000001d0be000 JavaThread "RMI TCP Connection(39)-127.0.0.1" daemon [_thread_in_native, id=63724, stack(0x0000000000820000,0x0000000000920000)]
  0x000000001d0b5000 JavaThread "Keep-Alive-Timer" daemon [_thread_blocked, id=56100, stack(0x0000000023cc0000,0x0000000023dc0000)]
  0x000000001d0b2000 JavaThread "RMI TCP Connection(38)-127.0.0.1" daemon [_thread_in_native, id=63592, stack(0x000000001a640000,0x000000001a740000)]
  0x000000001d0b6800 JavaThread "RMI TCP Connection(37)-127.0.0.1" daemon [_thread_in_native, id=39512, stack(0x0000000000720000,0x0000000000820000)]
  0x000000001d0b4800 JavaThread "RMI TCP Connection(36)-127.0.0.1" daemon [_thread_in_native, id=39176, stack(0x0000000000500000,0x0000000000600000)]
  0x000000001d0b9000 JavaThread "RMI RenewClean-[127.0.0.1:58260,org.jetbrains.kotlin.daemon.common.LoopbackNetworkInterface$ClientLoopbackSocketFactory@77e2b3a1]" daemon [_thread_blocked, id=41224, stack(0x0000000026ab0000,0x0000000026bb0000)]
  0x000000001d0b6000 JavaThread "RMI RenewClean-[127.0.0.1:58260,org.jetbrains.kotlin.daemon.common.LoopbackNetworkInterface$ClientLoopbackSocketFactory@1093e1a3]" daemon [_thread_blocked, id=61980, stack(0x000000001ac80000,0x000000001ad80000)]
  0x0000000019c59000 JavaThread "RMI Scheduler(0)" daemon [_thread_blocked, id=58496, stack(0x000000001ae80000,0x000000001af80000)]
  0x0000000002504000 JavaThread "DestroyJavaVM" [_thread_blocked, id=63360, stack(0x0000000002310000,0x0000000002410000)]
  0x0000000019bbd000 JavaThread "GC Daemon" daemon [_thread_blocked, id=10324, stack(0x000000001a840000,0x000000001a940000)]
  0x000000001803a800 JavaThread "RMI Reaper" [_thread_blocked, id=49752, stack(0x000000001a740000,0x000000001a840000)]
  0x0000000019baa800 JavaThread "Timer-0" daemon [_thread_blocked, id=25952, stack(0x000000001a540000,0x000000001a640000)]
  0x0000000019ba9000 JavaThread "RMI TCP Accept-17183" daemon [_thread_in_native, id=34984, stack(0x000000001a440000,0x000000001a540000)]
  0x0000000017d4b000 JavaThread "Service Thread" daemon [_thread_blocked, id=54508, stack(0x0000000019700000,0x0000000019800000)]
  0x0000000017cbe000 JavaThread "C1 CompilerThread3" daemon [_thread_blocked, id=24480, stack(0x0000000019600000,0x0000000019700000)]
=>0x0000000017cbd000 JavaThread "C2 CompilerThread2" daemon [_thread_in_native, id=62960, stack(0x0000000019500000,0x0000000019600000)]
  0x0000000017cb4000 JavaThread "C2 CompilerThread1" daemon [_thread_blocked, id=61632, stack(0x0000000019400000,0x0000000019500000)]
  0x0000000017cab800 JavaThread "C2 CompilerThread0" daemon [_thread_blocked, id=59700, stack(0x0000000019300000,0x0000000019400000)]
  0x0000000017ca9000 JavaThread "Attach Listener" daemon [_thread_blocked, id=58792, stack(0x0000000019200000,0x0000000019300000)]
  0x0000000017cb8000 JavaThread "Signal Dispatcher" daemon [_thread_blocked, id=57076, stack(0x0000000019100000,0x0000000019200000)]
  0x0000000017ca3000 JavaThread "Finalizer" daemon [_thread_blocked, id=51184, stack(0x0000000018f00000,0x0000000019000000)]
  0x00000000025fb000 JavaThread "Reference Handler" daemon [_thread_blocked, id=60136, stack(0x0000000018e00000,0x0000000018f00000)]

Other Threads:
  0x00000000165b4800 VMThread [stack: 0x0000000018d00000,0x0000000018e00000] [id=56212]
  0x0000000017d4b800 WatcherThread [stack: 0x0000000019800000,0x0000000019900000] [id=50920]

VM state:not at safepoint (normal execution)

VM Mutex/Monitor currently owned by a thread: None

Heap:
 PSYoungGen      total 335360K, used 164338K [0x00000000e0000000, 0x00000000ff800000, 0x0000000100000000)
  eden space 288768K, 40% used [0x00000000e0000000,0x00000000e7373820,0x00000000f1a00000)
  from space 46592K, 98% used [0x00000000f1a00000,0x00000000f4709018,0x00000000f4780000)
  to   space 113664K, 0% used [0x00000000f8900000,0x00000000f8900000,0x00000000ff800000)
 ParOldGen       total 326144K, used 66990K [0x00000000a0000000, 0x00000000b3e80000, 0x00000000e0000000)
  object space 326144K, 20% used [0x00000000a0000000,0x00000000a416b8f0,0x00000000b3e80000)
 Metaspace       used 109027K, capacity 112815K, committed 112936K, reserved 1148928K
  class space    used 13002K, capacity 13833K, committed 13872K, reserved 1048576K

Card table byte_map: [0x00000000119c0000,0x0000000011cd0000] byte_map_base: 0x00000000114c0000

Marking Bits: (ParMarkBitMap*) 0x0000000059ad5aa0
 Begin Bits: [0x00000000128d0000, 0x00000000140d0000)
 End Bits:   [0x00000000140d0000, 0x00000000158d0000)

Polling page: 0x0000000000990000

CodeCache: size=245760Kb used=58321Kb max_used=58335Kb free=187438Kb
 bounds [0x0000000002600000, 0x0000000005f50000, 0x0000000011600000]
 total_blobs=16324 nmethods=15687 adapters=547
 compilation: enabled

Compilation events (10 events):
Event: 1321.056 Thread 0x0000000017cbe000 20803       1       org.jetbrains.kotlin.build.GeneratedFile::getSourceFiles (5 bytes)
Event: 1321.056 Thread 0x0000000017cbe000 nmethod 20803 0x0000000005f3bed0 code [0x0000000005f3c020, 0x0000000005f3c130]
Event: 1321.059 Thread 0x0000000017cb4000 nmethod 20800 0x0000000005f3b8d0 code [0x0000000005f3ba20, 0x0000000005f3bd18]
Event: 1321.062 Thread 0x0000000017cab800 nmethod 20799 0x0000000005f486d0 code [0x0000000005f48860, 0x0000000005f493d0]
Event: 1321.103 Thread 0x0000000017cb4000 20804       4       org.jetbrains.kotlin.com.intellij.util.io.PersistentBTreeEnumerator::store (73 bytes)
Event: 1321.105 Thread 0x0000000017cbe000 20805       1       org.jetbrains.kotlin.com.intellij.util.io.PersistentHashMap::access$500 (5 bytes)
Event: 1321.105 Thread 0x0000000017cbe000 nmethod 20805 0x0000000005f3b590 code [0x0000000005f3b6e0, 0x0000000005f3b7d0]
Event: 1321.105 Thread 0x0000000017cbe000 20806       1       org.jetbrains.kotlin.com.intellij.util.io.PersistentHashMap::access$600 (5 bytes)
Event: 1321.105 Thread 0x0000000017cbe000 nmethod 20806 0x0000000005f440d0 code [0x0000000005f44220, 0x0000000005f44310]
Event: 1321.122 Thread 0x0000000017cb4000 nmethod 20804 0x0000000005f4bc10 code [0x0000000005f4be00, 0x0000000005f4c820]

GC Heap History (10 events):
Event: 1269.798 GC heap before
{Heap before GC invocations=34 (full 5):
 PSYoungGen      total 413184K, used 360711K [0x00000000e0000000, 0x0000000100000000, 0x0000000100000000)
  eden space 299520K, 100% used [0x00000000e0000000,0x00000000f2480000,0x00000000f2480000)
  from space 113664K, 53% used [0x00000000f9100000,0x00000000fccc1e98,0x0000000100000000)
  to   space 111104K, 0% used [0x00000000f2480000,0x00000000f2480000,0x00000000f9100000)
 ParOldGen       total 326144K, used 63774K [0x00000000a0000000, 0x00000000b3e80000, 0x00000000e0000000)
  object space 326144K, 19% used [0x00000000a0000000,0x00000000a3e47bf8,0x00000000b3e80000)
 Metaspace       used 102602K, capacity 105988K, committed 106280K, reserved 1142784K
  class space    used 12242K, capacity 12987K, committed 13104K, reserved 1048576K
Event: 1269.814 GC heap after
Heap after GC invocations=34 (full 5):
 PSYoungGen      total 336896K, used 37352K [0x00000000e0000000, 0x00000000ff680000, 0x0000000100000000)
  eden space 299520K, 0% used [0x00000000e0000000,0x00000000e0000000,0x00000000f2480000)
  from space 37376K, 99% used [0x00000000f2480000,0x00000000f48fa068,0x00000000f4900000)
  to   space 107520K, 0% used [0x00000000f8d80000,0x00000000f8d80000,0x00000000ff680000)
 ParOldGen       total 326144K, used 63782K [0x00000000a0000000, 0x00000000b3e80000, 0x00000000e0000000)
  object space 326144K, 19% used [0x00000000a0000000,0x00000000a3e49bf8,0x00000000b3e80000)
 Metaspace       used 102602K, capacity 105988K, committed 106280K, reserved 1142784K
  class space    used 12242K, capacity 12987K, committed 13104K, reserved 1048576K
}
Event: 1316.571 GC heap before
{Heap before GC invocations=35 (full 5):
 PSYoungGen      total 336896K, used 336872K [0x00000000e0000000, 0x00000000ff680000, 0x0000000100000000)
  eden space 299520K, 100% used [0x00000000e0000000,0x00000000f2480000,0x00000000f2480000)
  from space 37376K, 99% used [0x00000000f2480000,0x00000000f48fa068,0x00000000f4900000)
  to   space 107520K, 0% used [0x00000000f8d80000,0x00000000f8d80000,0x00000000ff680000)
 ParOldGen       total 326144K, used 63782K [0x00000000a0000000, 0x00000000b3e80000, 0x00000000e0000000)
  object space 326144K, 19% used [0x00000000a0000000,0x00000000a3e49bf8,0x00000000b3e80000)
 Metaspace       used 103113K, capacity 106568K, committed 106792K, reserved 1142784K
  class space    used 12305K, capacity 13077K, committed 13104K, reserved 1048576K
Event: 1316.615 GC heap after
Heap after GC invocations=35 (full 5):
 PSYoungGen      total 397824K, used 90882K [0x00000000e0000000, 0x0000000100000000, 0x0000000100000000)
  eden space 290304K, 0% used [0x00000000e0000000,0x00000000e0000000,0x00000000f1b80000)
  from space 107520K, 84% used [0x00000000f8d80000,0x00000000fe640830,0x00000000ff680000)
  to   space 116736K, 0% used [0x00000000f1b80000,0x00000000f1b80000,0x00000000f8d80000)
 ParOldGen       total 326144K, used 63790K [0x00000000a0000000, 0x00000000b3e80000, 0x00000000e0000000)
  object space 326144K, 19% used [0x00000000a0000000,0x00000000a3e4bbf8,0x00000000b3e80000)
 Metaspace       used 103113K, capacity 106568K, committed 106792K, reserved 1142784K
  class space    used 12305K, capacity 13077K, committed 13104K, reserved 1048576K
}
Event: 1317.943 GC heap before
{Heap before GC invocations=36 (full 5):
 PSYoungGen      total 397824K, used 381186K [0x00000000e0000000, 0x0000000100000000, 0x0000000100000000)
  eden space 290304K, 100% used [0x00000000e0000000,0x00000000f1b80000,0x00000000f1b80000)
  from space 107520K, 84% used [0x00000000f8d80000,0x00000000fe640830,0x00000000ff680000)
  to   space 116736K, 0% used [0x00000000f1b80000,0x00000000f1b80000,0x00000000f8d80000)
 ParOldGen       total 326144K, used 63790K [0x00000000a0000000, 0x00000000b3e80000, 0x00000000e0000000)
  object space 326144K, 19% used [0x00000000a0000000,0x00000000a3e4bbf8,0x00000000b3e80000)
 Metaspace       used 104834K, capacity 108408K, committed 108584K, reserved 1144832K
  class space    used 12483K, capacity 13287K, committed 13360K, reserved 1048576K
Event: 1317.971 GC heap after
Heap after GC invocations=36 (full 5):
 PSYoungGen      total 364544K, used 73925K [0x00000000e0000000, 0x0000000100000000, 0x0000000100000000)
  eden space 290304K, 0% used [0x00000000e0000000,0x00000000e0000000,0x00000000f1b80000)
  from space 74240K, 99% used [0x00000000f1b80000,0x00000000f63b1768,0x00000000f6400000)
  to   space 117760K, 0% used [0x00000000f8d00000,0x00000000f8d00000,0x0000000100000000)
 ParOldGen       total 326144K, used 63798K [0x00000000a0000000, 0x00000000b3e80000, 0x00000000e0000000)
  object space 326144K, 19% used [0x00000000a0000000,0x00000000a3e4dbf8,0x00000000b3e80000)
 Metaspace       used 104834K, capacity 108408K, committed 108584K, reserved 1144832K
  class space    used 12483K, capacity 13287K, committed 13360K, reserved 1048576K
}
Event: 1319.245 GC heap before
{Heap before GC invocations=37 (full 5):
 PSYoungGen      total 364544K, used 364229K [0x00000000e0000000, 0x0000000100000000, 0x0000000100000000)
  eden space 290304K, 100% used [0x00000000e0000000,0x00000000f1b80000,0x00000000f1b80000)
  from space 74240K, 99% used [0x00000000f1b80000,0x00000000f63b1768,0x00000000f6400000)
  to   space 117760K, 0% used [0x00000000f8d00000,0x00000000f8d00000,0x0000000100000000)
 ParOldGen       total 326144K, used 63798K [0x00000000a0000000, 0x00000000b3e80000, 0x00000000e0000000)
  object space 326144K, 19% used [0x00000000a0000000,0x00000000a3e4dbf8,0x00000000b3e80000)
 Metaspace       used 108189K, capacity 112009K, committed 112168K, reserved 1146880K
  class space    used 12930K, capacity 13760K, committed 13872K, reserved 1048576K
Event: 1319.276 GC heap after
Heap after GC invocations=37 (full 5):
 PSYoungGen      total 406528K, used 73339K [0x00000000e0000000, 0x0000000100000000, 0x0000000100000000)
  eden space 288768K, 0% used [0x00000000e0000000,0x00000000e0000000,0x00000000f1a00000)
  from space 117760K, 62% used [0x00000000f8d00000,0x00000000fd49efe0,0x0000000100000000)
  to   space 117760K, 0% used [0x00000000f1a00000,0x00000000f1a00000,0x00000000f8d00000)
 ParOldGen       total 326144K, used 63806K [0x00000000a0000000, 0x00000000b3e80000, 0x00000000e0000000)
  object space 326144K, 19% used [0x00000000a0000000,0x00000000a3e4fbf8,0x00000000b3e80000)
 Metaspace       used 108189K, capacity 112009K, committed 112168K, reserved 1146880K
  class space    used 12930K, capacity 13760K, committed 13872K, reserved 1048576K
}
Event: 1320.265 GC heap before
{Heap before GC invocations=38 (full 5):
 PSYoungGen      total 406528K, used 362107K [0x00000000e0000000, 0x0000000100000000, 0x0000000100000000)
  eden space 288768K, 100% used [0x00000000e0000000,0x00000000f1a00000,0x00000000f1a00000)
  from space 117760K, 62% used [0x00000000f8d00000,0x00000000fd49efe0,0x0000000100000000)
  to   space 117760K, 0% used [0x00000000f1a00000,0x00000000f1a00000,0x00000000f8d00000)
 ParOldGen       total 326144K, used 63806K [0x00000000a0000000, 0x00000000b3e80000, 0x00000000e0000000)
  object space 326144K, 19% used [0x00000000a0000000,0x00000000a3e4fbf8,0x00000000b3e80000)
 Metaspace       used 108579K, capacity 112423K, committed 112680K, reserved 1148928K
  class space    used 12976K, capacity 13833K, committed 13872K, reserved 1048576K
Event: 1320.285 GC heap after
Heap after GC invocations=38 (full 5):
 PSYoungGen      total 335360K, used 46116K [0x00000000e0000000, 0x00000000ff800000, 0x0000000100000000)
  eden space 288768K, 0% used [0x00000000e0000000,0x00000000e0000000,0x00000000f1a00000)
  from space 46592K, 98% used [0x00000000f1a00000,0x00000000f4709018,0x00000000f4780000)
  to   space 113664K, 0% used [0x00000000f8900000,0x00000000f8900000,0x00000000ff800000)
 ParOldGen       total 326144K, used 66990K [0x00000000a0000000, 0x00000000b3e80000, 0x00000000e0000000)
  object space 326144K, 20% used [0x00000000a0000000,0x00000000a416b8f0,0x00000000b3e80000)
 Metaspace       used 108579K, capacity 112423K, committed 112680K, reserved 1148928K
  class space    used 12976K, capacity 13833K, committed 13872K, reserved 1048576K
}

Deoptimization events (10 events):
Event: 1320.881 Thread 0x000000001d0be000 Uncommon trap: reason=class_check action=maybe_recompile pc=0x000000000355d130 method=org.jetbrains.kotlin.descriptors.annotations.CompositeAnnotations.isEmpty()Z @ 4
Event: 1320.897 Thread 0x000000001d0be000 Uncommon trap: reason=class_check action=maybe_recompile pc=0x0000000005c4fed8 method=org.jetbrains.kotlin.resolve.scopes.InnerClassesScopeWrapper.getContributedDescriptors(Lorg/jetbrains/kotlin/resolve/scopes/DescriptorKindFilter;Lkotlin/jvm/functions/Fu
Event: 1320.908 Thread 0x000000001d0be000 Uncommon trap: reason=class_check action=maybe_recompile pc=0x0000000005c4fed8 method=org.jetbrains.kotlin.resolve.scopes.InnerClassesScopeWrapper.getContributedDescriptors(Lorg/jetbrains/kotlin/resolve/scopes/DescriptorKindFilter;Lkotlin/jvm/functions/Fu
Event: 1320.910 Thread 0x000000001d0be000 Uncommon trap: reason=speculate_class_check action=maybe_recompile pc=0x0000000005dc7368 method=org.jetbrains.kotlin.serialization.DescriptorSerializer$Companion.create(Lorg/jetbrains/kotlin/descriptors/ClassDescriptor;Lorg/jetbrains/kotlin/serialization/
Event: 1320.910 Thread 0x000000001d0be000 Uncommon trap: reason=class_check action=maybe_recompile pc=0x000000000355d130 method=org.jetbrains.kotlin.descriptors.annotations.CompositeAnnotations.isEmpty()Z @ 4
Event: 1320.943 Thread 0x000000001d0be000 Uncommon trap: reason=speculate_class_check action=maybe_recompile pc=0x0000000005dc7368 method=org.jetbrains.kotlin.serialization.DescriptorSerializer$Companion.create(Lorg/jetbrains/kotlin/descriptors/ClassDescriptor;Lorg/jetbrains/kotlin/serialization/
Event: 1320.952 Thread 0x000000001d0be000 Uncommon trap: reason=unstable_if action=reinterpret pc=0x0000000004ec0064 method=org.jetbrains.kotlin.serialization.DescriptorSerializer.classProto(Lorg/jetbrains/kotlin/descriptors/ClassDescriptor;)Lorg/jetbrains/kotlin/metadata/ProtoBuf$Class$Builder; 
Event: 1320.953 Thread 0x000000001d0be000 Uncommon trap: reason=class_check action=maybe_recompile pc=0x0000000005c4fed8 method=org.jetbrains.kotlin.resolve.scopes.InnerClassesScopeWrapper.getContributedDescriptors(Lorg/jetbrains/kotlin/resolve/scopes/DescriptorKindFilter;Lkotlin/jvm/functions/Fu
Event: 1320.964 Thread 0x000000001d0be000 Uncommon trap: reason=class_check action=maybe_recompile pc=0x0000000005c4fed8 method=org.jetbrains.kotlin.resolve.scopes.InnerClassesScopeWrapper.getContributedDescriptors(Lorg/jetbrains/kotlin/resolve/scopes/DescriptorKindFilter;Lkotlin/jvm/functions/Fu
Event: 1320.993 Thread 0x000000001d0be000 Uncommon trap: reason=bimorphic action=maybe_recompile pc=0x0000000005ba95d8 method=org.jetbrains.kotlin.codegen.state.BuilderFactoryForDuplicateSignatureDiagnostics.isOrOverridesSamAdapter(Lorg/jetbrains/kotlin/descriptors/CallableMemberDescriptor;)Z @ 2

Classes redefined (0 events):
No events

Internal exceptions (10 events):
Event: 1318.697 Thread 0x000000001d0be000 Exception <a 'java/io/FileNotFoundException'> (0x00000000e8b71250) thrown at [D:\src\AOSP-openjdk-cygwin\jdk8u\hotspot\src\share\vm\prims\jni.cpp, line 709]
Event: 1318.697 Thread 0x000000001d0be000 Exception <a 'sun/nio/fs/WindowsException'> (0x00000000e8b72a70) thrown at [D:\src\AOSP-openjdk-cygwin\jdk8u\hotspot\src\share\vm\prims\jni.cpp, line 709]
Event: 1318.699 Thread 0x000000001d0be000 Exception <a 'sun/nio/fs/WindowsException'> (0x00000000e8b766d0) thrown at [D:\src\AOSP-openjdk-cygwin\jdk8u\hotspot\src\share\vm\prims\jni.cpp, line 709]
Event: 1318.699 Thread 0x000000001d0be000 Exception <a 'java/io/FileNotFoundException'> (0x00000000e8b77a58) thrown at [D:\src\AOSP-openjdk-cygwin\jdk8u\hotspot\src\share\vm\prims\jni.cpp, line 709]
Event: 1318.699 Thread 0x000000001d0be000 Exception <a 'java/io/FileNotFoundException'> (0x00000000e8b793d8) thrown at [D:\src\AOSP-openjdk-cygwin\jdk8u\hotspot\src\share\vm\prims\jni.cpp, line 709]
Event: 1319.995 Thread 0x000000001d0be000 Exception <a 'java/io/FileNotFoundException'> (0x00000000ef545d80) thrown at [D:\src\AOSP-openjdk-cygwin\jdk8u\hotspot\src\share\vm\prims\jni.cpp, line 709]
Event: 1319.995 Thread 0x000000001d0be000 Exception <a 'sun/nio/fs/WindowsException'> (0x00000000ef5474c0) thrown at [D:\src\AOSP-openjdk-cygwin\jdk8u\hotspot\src\share\vm\prims\jni.cpp, line 709]
Event: 1319.996 Thread 0x000000001d0be000 Exception <a 'sun/nio/fs/WindowsException'> (0x00000000ef54b100) thrown at [D:\src\AOSP-openjdk-cygwin\jdk8u\hotspot\src\share\vm\prims\jni.cpp, line 709]
Event: 1319.996 Thread 0x000000001d0be000 Exception <a 'java/io/FileNotFoundException'> (0x00000000ef54c488) thrown at [D:\src\AOSP-openjdk-cygwin\jdk8u\hotspot\src\share\vm\prims\jni.cpp, line 709]
Event: 1319.996 Thread 0x000000001d0be000 Exception <a 'java/io/FileNotFoundException'> (0x00000000ef54de08) thrown at [D:\src\AOSP-openjdk-cygwin\jdk8u\hotspot\src\share\vm\prims\jni.cpp, line 709]

Events (10 events):
Event: 1320.964 Thread 0x000000001d0be000 Uncommon trap: trap_request=0xffffffde fr.pc=0x0000000005c4fed8
Event: 1320.964 Thread 0x000000001d0be000 DEOPT PACKING pc=0x0000000005c4fed8 sp=0x000000000091bfd0
Event: 1320.964 Thread 0x000000001d0be000 DEOPT UNPACKING pc=0x000000000264557b sp=0x000000000091bf90 mode 2
Event: 1320.972 Thread 0x000000001d0be000 DEOPT PACKING pc=0x0000000004c61c19 sp=0x000000000091b840
Event: 1320.972 Thread 0x000000001d0be000 DEOPT UNPACKING pc=0x00000000026475d0 sp=0x000000000091b7a0 mode 0
Event: 1320.993 Thread 0x000000001d0be000 Uncommon trap: trap_request=0xffffffc6 fr.pc=0x0000000005ba95d8
Event: 1320.993 Thread 0x000000001d0be000 DEOPT PACKING pc=0x0000000005ba95d8 sp=0x000000000091bf50
Event: 1320.993 Thread 0x000000001d0be000 DEOPT UNPACKING pc=0x000000000264557b sp=0x000000000091bef8 mode 2
Event: 1320.993 Executing VM operation: ForceSafepoint
Event: 1320.993 Executing VM operation: ForceSafepoint done


Dynamic libraries:
0x00007ff6e53e0000 - 0x00007ff6e5411000 	C:\Program Files\Android\Android Studio\jre\jre\bin\java.exe
0x00007fff509a0000 - 0x00007fff50b90000 	C:\WINDOWS\SYSTEM32\ntdll.dll
0x00007fff500a0000 - 0x00007fff50152000 	C:\WINDOWS\System32\KERNEL32.DLL
0x00007fff4e5a0000 - 0x00007fff4e843000 	C:\WINDOWS\System32\KERNELBASE.dll
0x00007fff4ec10000 - 0x00007fff4ecb3000 	C:\WINDOWS\System32\ADVAPI32.dll
0x00007fff50000000 - 0x00007fff5009e000 	C:\WINDOWS\System32\msvcrt.dll
0x00007fff4fe80000 - 0x00007fff4ff17000 	C:\WINDOWS\System32\sechost.dll
0x00007fff4fd50000 - 0x00007fff4fe70000 	C:\WINDOWS\System32\RPCRT4.dll
0x00007fff50690000 - 0x00007fff50823000 	C:\WINDOWS\System32\USER32.dll
0x00007fff4d930000 - 0x00007fff4d951000 	C:\WINDOWS\System32\win32u.dll
0x00007fff4edd0000 - 0x00007fff4edf6000 	C:\WINDOWS\System32\GDI32.dll
0x00007fff4e290000 - 0x00007fff4e424000 	C:\WINDOWS\System32\gdi32full.dll
0x00007fff4e1f0000 - 0x00007fff4e28e000 	C:\WINDOWS\System32\msvcp_win.dll
0x00007fff4e960000 - 0x00007fff4ea5a000 	C:\WINDOWS\System32\ucrtbase.dll
0x00007fff3ab00000 - 0x00007fff3ad85000 	C:\WINDOWS\WinSxS\amd64_microsoft.windows.common-controls_6595b64144ccf1df_6.0.18362.175_none_e6c3ab1f131014c9\COMCTL32.dll
0x00007fff50160000 - 0x00007fff50496000 	C:\WINDOWS\System32\combase.dll
0x00007fff4e8a0000 - 0x00007fff4e921000 	C:\WINDOWS\System32\bcryptPrimitives.dll
0x00007fff50660000 - 0x00007fff5068e000 	C:\WINDOWS\System32\IMM32.DLL
0x0000000059f90000 - 0x000000005a062000 	C:\Program Files\Android\Android Studio\jre\jre\bin\msvcr100.dll
0x0000000059310000 - 0x0000000059b51000 	C:\Program Files\Android\Android Studio\jre\jre\bin\server\jvm.dll
0x00007fff4f7f0000 - 0x00007fff4f7f8000 	C:\WINDOWS\System32\PSAPI.DLL
0x00007fff3caa0000 - 0x00007fff3caa9000 	C:\WINDOWS\SYSTEM32\WSOCK32.dll
0x00007fff416e0000 - 0x00007fff41704000 	C:\WINDOWS\SYSTEM32\WINMM.dll
0x00007fff48340000 - 0x00007fff4834a000 	C:\WINDOWS\SYSTEM32\VERSION.dll
0x00007fff4f870000 - 0x00007fff4f8df000 	C:\WINDOWS\System32\WS2_32.dll
0x00007fff41500000 - 0x00007fff4152d000 	C:\WINDOWS\SYSTEM32\WINMMBASE.dll
0x00007fff4e850000 - 0x00007fff4e89a000 	C:\WINDOWS\System32\cfgmgr32.dll
0x00007fff48f20000 - 0x00007fff48f2f000 	C:\Program Files\Android\Android Studio\jre\jre\bin\verify.dll
0x00007fff47ae0000 - 0x00007fff47b09000 	C:\Program Files\Android\Android Studio\jre\jre\bin\java.dll
0x00007fff48f00000 - 0x00007fff48f16000 	C:\Program Files\Android\Android Studio\jre\jre\bin\zip.dll
0x00007fff4ee00000 - 0x00007fff4f4e0000 	C:\WINDOWS\System32\SHELL32.dll
0x00007fff4ed20000 - 0x00007fff4edc9000 	C:\WINDOWS\System32\shcore.dll
0x00007fff4da10000 - 0x00007fff4e18b000 	C:\WINDOWS\System32\windows.storage.dll
0x00007fff4d910000 - 0x00007fff4d92f000 	C:\WINDOWS\System32\profapi.dll
0x00007fff4d8a0000 - 0x00007fff4d8ea000 	C:\WINDOWS\System32\powrprof.dll
0x00007fff4d870000 - 0x00007fff4d880000 	C:\WINDOWS\System32\UMPDC.dll
0x00007fff4ecc0000 - 0x00007fff4ed12000 	C:\WINDOWS\System32\shlwapi.dll
0x00007fff4d880000 - 0x00007fff4d891000 	C:\WINDOWS\System32\kernel.appcore.dll
0x00007fff4e580000 - 0x00007fff4e597000 	C:\WINDOWS\System32\cryptsp.dll
0x00007fff47f70000 - 0x00007fff47f7d000 	C:\Program Files\Android\Android Studio\jre\jre\bin\management.dll
0x00007fff47b30000 - 0x00007fff47b4a000 	C:\Program Files\Android\Android Studio\jre\jre\bin\net.dll
0x00007fff4d0e0000 - 0x00007fff4d147000 	C:\WINDOWS\system32\mswsock.dll
0x00007fff47a10000 - 0x00007fff47a21000 	C:\Program Files\Android\Android Studio\jre\jre\bin\nio.dll
0x00007fff4cca0000 - 0x00007fff4ccd3000 	C:\WINDOWS\system32\rsaenh.dll
0x00007fff4e930000 - 0x00007fff4e956000 	C:\WINDOWS\System32\bcrypt.dll
0x00007fff4d790000 - 0x00007fff4d7b5000 	C:\WINDOWS\SYSTEM32\USERENV.dll
0x00007fff4d2b0000 - 0x00007fff4d2bc000 	C:\WINDOWS\SYSTEM32\CRYPTBASE.dll
0x00007fff4ce40000 - 0x00007fff4ce7a000 	C:\WINDOWS\SYSTEM32\IPHLPAPI.DLL
0x00007fff4fe70000 - 0x00007fff4fe78000 	C:\WINDOWS\System32\NSI.dll
0x00007fff46b80000 - 0x00007fff46b96000 	C:\WINDOWS\SYSTEM32\dhcpcsvc6.DLL
0x00007fff47230000 - 0x00007fff4724c000 	C:\WINDOWS\SYSTEM32\dhcpcsvc.DLL
0x00007fff4ce80000 - 0x00007fff4cf4a000 	C:\WINDOWS\SYSTEM32\DNSAPI.dll
0x00007fff40e70000 - 0x00007fff40e94000 	C:\Program Files\Android\Android Studio\jre\jre\bin\sunec.dll
0x00007fff47ad0000 - 0x00007fff47adb000 	C:\Program Files\Android\Android Studio\jre\jre\bin\sunmscapi.dll
0x00007fff4e430000 - 0x00007fff4e579000 	C:\WINDOWS\System32\CRYPT32.dll
0x00007fff4d8f0000 - 0x00007fff4d902000 	C:\WINDOWS\System32\MSASN1.dll
0x00007fff46b20000 - 0x00007fff46b2a000 	C:\Windows\System32\rasadhlp.dll
0x00007fff46450000 - 0x00007fff464c7000 	C:\WINDOWS\System32\fwpuclnt.dll

VM Arguments:
jvm_args: -Djava.awt.headless=true -Djava.rmi.server.hostname=127.0.0.1 -Xmx1536m -Dkotlin.environment.keepalive 
java_command: org.jetbrains.kotlin.daemon.KotlinCompileDaemon --daemon-runFilesPath C:\Users\Shandy\AppData\Local\kotlin\daemon --daemon-autoshutdownIdleSeconds=7200 --daemon-compilerClasspath C:\Users\Shandy\.gradle\caches\modules-2\files-2.1\org.jetbrains.kotlin\kotlin-compiler-embeddable\1.3.20\ee2efe0fdd12b607e3ac01dd79da99a168ac85c5\kotlin-compiler-embeddable-1.3.20.jar;C:\Users\Shandy\.gradle\caches\modules-2\files-2.1\org.jetbrains.kotlin\kotlin-reflect\1.3.20\cd49eec32cf964333faf59e04b4085eac7008477\kotlin-reflect-1.3.20.jar;C:\Users\Shandy\.gradle\caches\modules-2\files-2.1\org.jetbrains.kotlin\kotlin-stdlib\1.3.20\eb2a232734e09fcd1b958a5c7520a93c6de38b32\kotlin-stdlib-1.3.20.jar;C:\Users\Shandy\.gradle\caches\modules-2\files-2.1\org.jetbrains.kotlin\kotlin-script-runtime\1.3.20\312febd3c42137fcc5477e6666d6eec16631b176\kotlin-script-runtime-1.3.20.jar;C:\Users\Shandy\.gradle\caches\modules-2\files-2.1\org.jetbrains.intellij.deps\trove4j\1.0.20181211\216c2e14b070f334479d800987affe4054cd563f\trove4j-1.0.20181211.jar;C:\Users\Shandy\.gradle\caches\modules-2\files-2.1\org.jetbrains.kotlin\kotlin-stdlib-common\1.3.20\7d7934e26ce34da1a0a8d00e38038d7cf3375e89\kotlin-stdlib-common-1.3.20.jar;C:\Users\Shandy\.gradle\caches\modules-2\files-2.1\org.jetbrains\annotations\13.0\919f0dfe192fb4e063e7dacadee7f8bb9a2672a9\annotations-13.0.jar;C:\Program Files\Android\Android Studio\jre\lib\tools.jar
java_class_path (initial): C:\Users\Shandy\.gradle\caches\modules-2\files-2.1\org.jetbrains.kotlin\kotlin-compiler-embeddable\1.3.20\ee2efe0fdd12b607e3ac01dd79da99a168ac85c5\kotlin-compiler-embeddable-1.3.20.jar;C:\Users\Shandy\.gradle\caches\modules-2\files-2.1\org.jetbrains.kotlin\kotlin-reflect\1.3.20\cd49eec32cf964333faf59e04b4085eac7008477\kotlin-reflect-1.3.20.jar;C:\Users\Shandy\.gradle\caches\modules-2\files-2.1\org.jetbrains.kotlin\kotlin-stdlib\1.3.20\eb2a232734e09fcd1b958a5c7520a93c6de38b32\kotlin-stdlib-1.3.20.jar;C:\Users\Shandy\.gradle\caches\modules-2\files-2.1\org.jetbrains.kotlin\kotlin-script-runtime\1.3.20\312febd3c42137fcc5477e6666d6eec16631b176\kotlin-script-runtime-1.3.20.jar;C:\Users\Shandy\.gradle\caches\modules-2\files-2.1\org.jetbrains.intellij.deps\trove4j\1.0.20181211\216c2e14b070f334479d800987affe4054cd563f\trove4j-1.0.20181211.jar;C:\Users\Shandy\.gradle\caches\modules-2\files-2.1\org.jetbrains.kotlin\kotlin-stdlib-common\1.3.20\7d7934e26ce34da1a0a8d00e38038d7cf3375e89\kotlin-stdlib-common-1.3.20.jar;C:\Users\Shandy\.gradle\caches\modules-2\files-2.1\org.jetbrains\annotations\13.0\919f0dfe192fb4e063e7dacadee7f8bb9a2672a9\annotations-13.0.jar;C:\Program Files\Android\Android Studio\jre\lib\tools.jar
Launcher Type: SUN_STANDARD

Environment Variables:
JAVA_HOME=C:\Program Files\Java\jdk1.8.0_192
PATH=C:\Program Files\NVIDIA GPU Computing Toolkit\CUDA\v10.1\bin;C:\Program Files\NVIDIA GPU Computing Toolkit\CUDA\v10.1\libnvvp;C:\Program Files (x86)\Common Files\Oracle\Java\javapath;C:\Program Files (x86)\Common Files\Intel\Shared Files\cpp\bin\Intel64;C:\Windows\system32;C:\Windows;C:\Windows\System32\Wbem;C:\Windows\System32\WindowsPowerShell\v1.0\;C:\Program Files (x86)\NVIDIA Corporation\PhysX\Common;C:\Program Files\Java\jdk1.8.0_192\bin;C:\WINDOWS\system32;C:\WINDOWS;C:\WINDOWS\System32\Wbem;C:\WINDOWS\System32\WindowsPowerShell\v1.0\;C:\WINDOWS\System32\OpenSSH\;C:\ProgramData\ComposerSetup\bin;C:\mingw-w64\x86_64-8.1.0-posix-seh-rt_v6-rev0\mingw64\bin;C:\mingw-w64\i686-w64-mingw32\bin;C:\Program Files\NVIDIA Corporation\NVIDIA NvDLISR;C:\Program Files (x86)\Microsoft Visual Studio 14.0\VC\bin;C:\php;C:\Program Files\MySQL\MySQL Utilities 1.6\;C:\Program Files\MySQL\MySQL Server 8.0\bin;C:\Program Files\Intel\WiFi\bin\;C:\Program Files\Common Files\Intel\WirelessCommon\;C:\Program Files (x86)\Intel\Intel(R) Management Engine Components\DAL;C:\Program Files\Intel\Intel(R) Management Engine Components\DAL;C:\WINDOWS\system32;C:\WINDOWS;C:\WINDOWS\System32\Wbem;C:\WINDOWS\System32\WindowsPowerShell\v1.0\;C:\WINDOWS\System32\OpenSSH\;C:\Program Files\Git\cmd;C:\Program Files\nodejs\;C:\Ruby25-x64\bin;C:\Users\Shandy\AppData\Local\Programs\Python\Python37\;C:\Users\Shandy\AppData\Local\Microsoft\WindowsApps;C:\Users\Shandy\AppData\Roaming\Composer\vendor\bin;C:\mingw-w64\x86_64-8.1.0-posix-seh-rt_v6-rev0\mingw64\bin;D:\Applications\Web\XAMPP\mysql\bin;C:\Users\Shandy\AppData\Local\Programs\Microsoft VS Code\bin;C:\Program Files\JetBrains\PhpStorm 2019.1.1\bin;;C:\Program Files\JetBrains\PyCharm 2019.1.2\bin;;C:\Program Files\JetBrains\IntelliJ IDEA 2019.1.2\bin;;C:\Program Files\heroku\bin;C:\Program Files\MySQL\MySQL Server 8.0\bin;C:\php;C:\Program Files\JetBrains\GoLand 2019.1.3\bin;;C:\Users\Shandy\AppData\Roaming\npm
USERNAME=Shandy
OS=Windows_NT
PROCESSOR_IDENTIFIER=Intel64 Family 6 Model 158 Stepping 10, GenuineIntel



---------------  S Y S T E M  ---------------

OS: Windows 10.0 , 64 bit Build 18362 (10.0.18362.86)

CPU:total 12 (initial active 12) (6 cores per cpu, 2 threads per core) family 6 model 158 stepping 10, cmov, cx8, fxsr, mmx, sse, sse2, sse3, ssse3, sse4.1, sse4.2, popcnt, avx, avx2, aes, clmul, erms, 3dnowpref, lzcnt, ht, tsc, tscinvbit, bmi1, bmi2, adx

Memory: 4k page, physical 12439108k(497868k free), swap 20827716k(6268k free)

vm_info: OpenJDK 64-Bit Server VM (25.152-b01) for windows-amd64 JRE (1.8.0_152-release-1343-b01), built by "builder" with MS VC++ 10.0 (VS2010)

time: Thu Jun 27 15:33:04 2019
elapsed time: 1321 seconds (0d 0h 22m 1s)

