#
# There is insufficient memory for the Java Runtime Environment to continue.
# Native memory allocation (malloc) failed to allocate 1062336 bytes for Chunk::new
# Possible reasons:
#   The system is out of physical RAM or swap space
#   In 32 bit mode, the process size limit was hit
# Possible solutions:
#   Reduce memory load on the system
#   Increase physical memory or swap space
#   Check if swap backing store is full
#   Use 64 bit Java on a 64 bit OS
#   Decrease Java heap size (-Xmx/-Xms)
#   Decrease number of Java threads
#   Decrease Java thread stack sizes (-Xss)
#   Set larger code cache with -XX:ReservedCodeCacheSize=
# This output file may be truncated or incomplete.
#
#  Out of Memory Error (allocation.cpp:390), pid=50564, tid=0x000000000000b1c4
#
# JRE version: OpenJDK Runtime Environment (8.0_152-b01) (build 1.8.0_152-release-1343-b01)
# Java VM: OpenJDK 64-Bit Server VM (25.152-b01 mixed mode windows-amd64 compressed oops)
# Failed to write core dump. Minidumps are not enabled by default on client versions of Windows
#

---------------  T H R E A D  ---------------

Current thread (0x0000000018764000):  JavaThread "C2 CompilerThread1" daemon [_thread_in_native, id=45508, stack(0x0000000019eb0000,0x0000000019fb0000)]

Stack: [0x0000000019eb0000,0x0000000019fb0000]
[error occurred during error reporting (printing stack bounds), id 0xc0000005]

Native frames: (J=compiled Java code, j=interpreted, Vv=VM code, C=native code)


Current CompileTask:
C2:  11759 9169       4       com.sun.tools.javac.util.Convert::quote (131 bytes)


---------------  P R O C E S S  ---------------

Java Threads: ( => current thread )
  0x000000001c128800 JavaThread "Thread-3" daemon [_thread_in_native, id=53232, stack(0x000000001bb30000,0x000000001bc30000)]
  0x000000001c12f000 JavaThread "RMI RenewClean-[127.0.0.1:57847,org.jetbrains.kotlin.daemon.common.LoopbackNetworkInterface$ClientLoopbackSocketFactory@339d92fe]" daemon [_thread_blocked, id=50504, stack(0x0000000021170000,0x0000000021270000)]
  0x000000001f4de800 JavaThread "RMI TCP Connection(3)-127.0.0.1" daemon [_thread_in_native, id=59060, stack(0x000000001b0f0000,0x000000001b1f0000)]
  0x000000001a70e000 JavaThread "RMI TCP Connection(2)-127.0.0.1" daemon [_thread_in_native, id=57400, stack(0x000000001ba30000,0x000000001bb30000)]
  0x000000001a70b000 JavaThread "RMI Scheduler(0)" daemon [_thread_blocked, id=50104, stack(0x000000001b930000,0x000000001ba30000)]
  0x000000001a6e0000 JavaThread "RMI TCP Connection(1)-127.0.0.1" daemon [_thread_in_native, id=43184, stack(0x000000001b730000,0x000000001b830000)]
  0x0000000002fd4000 JavaThread "DestroyJavaVM" [_thread_blocked, id=55400, stack(0x0000000002ed0000,0x0000000002fd0000)]
  0x000000001a6f7000 JavaThread "GC Daemon" daemon [_thread_blocked, id=58876, stack(0x000000001b2f0000,0x000000001b3f0000)]
  0x0000000018aee000 JavaThread "RMI Reaper" [_thread_blocked, id=52316, stack(0x000000001b1f0000,0x000000001b2f0000)]
  0x000000001a65e000 JavaThread "Timer-0" daemon [_thread_blocked, id=7260, stack(0x000000001aff0000,0x000000001b0f0000)]
  0x000000001a65d800 JavaThread "RMI TCP Accept-17693" daemon [_thread_in_native, id=49448, stack(0x000000001aef0000,0x000000001aff0000)]
  0x00000000187f9800 JavaThread "Service Thread" daemon [_thread_blocked, id=58720, stack(0x000000001a1b0000,0x000000001a2b0000)]
  0x000000001876e000 JavaThread "C1 CompilerThread3" daemon [_thread_blocked, id=55292, stack(0x000000001a0b0000,0x000000001a1b0000)]
  0x000000001876d000 JavaThread "C2 CompilerThread2" daemon [_thread_blocked, id=43488, stack(0x0000000019fb0000,0x000000001a0b0000)]
=>0x0000000018764000 JavaThread "C2 CompilerThread1" daemon [_thread_in_native, id=45508, stack(0x0000000019eb0000,0x0000000019fb0000)]
  0x000000001875b800 JavaThread "C2 CompilerThread0" daemon [_thread_in_native, id=1496, stack(0x0000000019db0000,0x0000000019eb0000)]
  0x0000000018759800 JavaThread "Attach Listener" daemon [_thread_blocked, id=23696, stack(0x0000000019cb0000,0x0000000019db0000)]
  0x0000000018768000 JavaThread "Signal Dispatcher" daemon [_thread_blocked, id=32892, stack(0x0000000019bb0000,0x0000000019cb0000)]
  0x0000000018753000 JavaThread "Finalizer" daemon [_thread_blocked, id=57008, stack(0x00000000199b0000,0x0000000019ab0000)]
  0x00000000030cb000 JavaThread "Reference Handler" daemon [_thread_blocked, id=39420, stack(0x00000000198b0000,0x00000000199b0000)]

Other Threads:
  0x0000000017084800 VMThread [stack: 0x00000000197b0000,0x00000000198b0000] [id=57136]
  0x00000000187fa000 WatcherThread [stack: 0x000000001a2b0000,0x000000001a3b0000] [id=56296]

VM state:not at safepoint (normal execution)

VM Mutex/Monitor currently owned by a thread: None

Heap:
 PSYoungGen      total 224256K, used 66239K [0x00000000e0000000, 0x00000000f6280000, 0x0000000100000000)
  eden space 161792K, 9% used [0x00000000e0000000,0x00000000e0e71fd8,0x00000000e9e00000)
  from space 62464K, 82% used [0x00000000e9e00000,0x00000000ed03dfe0,0x00000000edb00000)
  to   space 68096K, 0% used [0x00000000f2000000,0x00000000f2000000,0x00000000f6280000)
 ParOldGen       total 235520K, used 64046K [0x00000000a0000000, 0x00000000ae600000, 0x00000000e0000000)
  object space 235520K, 27% used [0x00000000a0000000,0x00000000a3e8bbe8,0x00000000ae600000)
 Metaspace       used 64807K, capacity 65906K, committed 66600K, reserved 1107968K
  class space    used 7906K, capacity 8220K, committed 8240K, reserved 1048576K

Card table byte_map: [0x0000000012490000,0x00000000127a0000] byte_map_base: 0x0000000011f90000

Marking Bits: (ParMarkBitMap*) 0x0000000063cc5aa0
 Begin Bits: [0x00000000133a0000, 0x0000000014ba0000)
 End Bits:   [0x0000000014ba0000, 0x00000000163a0000)

Polling page: 0x0000000000ff0000

CodeCache: size=245760Kb used=26099Kb max_used=26136Kb free=219660Kb
 bounds [0x00000000030d0000, 0x0000000004a80000, 0x00000000120d0000]
 total_blobs=8277 nmethods=7676 adapters=513
 compilation: enabled

Compilation events (10 events):
Event: 11.724 Thread 0x000000001876d000 9305       4       com.sun.tools.javac.util.Convert::utf2string (26 bytes)
Event: 11.725 Thread 0x000000001876e000 9344       3       com.sun.crypto.provider.AESCrypt::mul4 (181 bytes)
Event: 11.726 Thread 0x000000001876e000 nmethod 9344 0x0000000004a65190 code [0x0000000004a653a0, 0x0000000004a65dd0]
Event: 11.731 Thread 0x000000001876d000 nmethod 9305 0x0000000004a66c50 code [0x0000000004a66dc0, 0x0000000004a676b8]
Event: 11.731 Thread 0x000000001876d000 8732       4       com.sun.tools.javac.util.Names::fromUtf (11 bytes)
Event: 11.732 Thread 0x000000001876d000 nmethod 8732 0x0000000004a63c90 code [0x0000000004a63de0, 0x0000000004a63ea8]
Event: 11.749 Thread 0x000000001876e000 9345   !   3       java.security.Provider$Service::newInstance (416 bytes)
Event: 11.753 Thread 0x000000001876e000 nmethod 9345 0x0000000004a6bb90 code [0x0000000004a6c2e0, 0x0000000004a71218]
Event: 11.753 Thread 0x000000001876e000 9346   !   3       java.security.Provider$Service::getImplClass (186 bytes)
Event: 11.755 Thread 0x000000001876e000 nmethod 9346 0x0000000004a74490 code [0x0000000004a748e0, 0x0000000004a77388]

GC Heap History (10 events):
Event: 9.264 GC heap before
{Heap before GC invocations=13 (full 3):
 PSYoungGen      total 140800K, used 140771K [0x00000000e0000000, 0x00000000ef380000, 0x0000000100000000)
  eden space 99840K, 100% used [0x00000000e0000000,0x00000000e6180000,0x00000000e6180000)
  from space 40960K, 99% used [0x00000000e6180000,0x00000000e8978c20,0x00000000e8980000)
  to   space 51712K, 0% used [0x00000000ec100000,0x00000000ec100000,0x00000000ef380000)
 ParOldGen       total 154112K, used 59288K [0x00000000a0000000, 0x00000000a9680000, 0x00000000e0000000)
  object space 154112K, 38% used [0x00000000a0000000,0x00000000a39e6090,0x00000000a9680000)
 Metaspace       used 55559K, capacity 56501K, committed 57128K, reserved 1099776K
  class space    used 6920K, capacity 7183K, committed 7216K, reserved 1048576K
Event: 9.297 GC heap after
Heap after GC invocations=13 (full 3):
 PSYoungGen      total 156672K, used 27395K [0x00000000e0000000, 0x00000000ede80000, 0x0000000100000000)
  eden space 126464K, 0% used [0x00000000e0000000,0x00000000e0000000,0x00000000e7b80000)
  from space 30208K, 90% used [0x00000000ec100000,0x00000000edbc0fd0,0x00000000ede80000)
  to   space 50688K, 0% used [0x00000000e7b80000,0x00000000e7b80000,0x00000000ead00000)
 ParOldGen       total 154112K, used 82374K [0x00000000a0000000, 0x00000000a9680000, 0x00000000e0000000)
  object space 154112K, 53% used [0x00000000a0000000,0x00000000a5071ac0,0x00000000a9680000)
 Metaspace       used 55559K, capacity 56501K, committed 57128K, reserved 1099776K
  class space    used 6920K, capacity 7183K, committed 7216K, reserved 1048576K
}
Event: 10.334 GC heap before
{Heap before GC invocations=14 (full 3):
 PSYoungGen      total 156672K, used 153859K [0x00000000e0000000, 0x00000000ede80000, 0x0000000100000000)
  eden space 126464K, 100% used [0x00000000e0000000,0x00000000e7b80000,0x00000000e7b80000)
  from space 30208K, 90% used [0x00000000ec100000,0x00000000edbc0fd0,0x00000000ede80000)
  to   space 50688K, 0% used [0x00000000e7b80000,0x00000000e7b80000,0x00000000ead00000)
 ParOldGen       total 154112K, used 82374K [0x00000000a0000000, 0x00000000a9680000, 0x00000000e0000000)
  object space 154112K, 53% used [0x00000000a0000000,0x00000000a5071ac0,0x00000000a9680000)
 Metaspace       used 57228K, capacity 58209K, committed 58792K, reserved 1101824K
  class space    used 7039K, capacity 7287K, committed 7344K, reserved 1048576K
Event: 10.369 GC heap after
Heap after GC invocations=14 (full 3):
 PSYoungGen      total 177152K, used 50687K [0x00000000e0000000, 0x00000000f1880000, 0x0000000100000000)
  eden space 126464K, 0% used [0x00000000e0000000,0x00000000e0000000,0x00000000e7b80000)
  from space 50688K, 99% used [0x00000000e7b80000,0x00000000eacffe70,0x00000000ead00000)
  to   space 62976K, 0% used [0x00000000edb00000,0x00000000edb00000,0x00000000f1880000)
 ParOldGen       total 154112K, used 94940K [0x00000000a0000000, 0x00000000a9680000, 0x00000000e0000000)
  object space 154112K, 61% used [0x00000000a0000000,0x00000000a5cb70c0,0x00000000a9680000)
 Metaspace       used 57228K, capacity 58209K, committed 58792K, reserved 1101824K
  class space    used 7039K, capacity 7287K, committed 7344K, reserved 1048576K
}
Event: 10.496 GC heap before
{Heap before GC invocations=15 (full 3):
 PSYoungGen      total 177152K, used 63033K [0x00000000e0000000, 0x00000000f1880000, 0x0000000100000000)
  eden space 126464K, 9% used [0x00000000e0000000,0x00000000e0c0e888,0x00000000e7b80000)
  from space 50688K, 99% used [0x00000000e7b80000,0x00000000eacffe70,0x00000000ead00000)
  to   space 62976K, 0% used [0x00000000edb00000,0x00000000edb00000,0x00000000f1880000)
 ParOldGen       total 154112K, used 94940K [0x00000000a0000000, 0x00000000a9680000, 0x00000000e0000000)
  object space 154112K, 61% used [0x00000000a0000000,0x00000000a5cb70c0,0x00000000a9680000)
 Metaspace       used 57704K, capacity 58689K, committed 59160K, reserved 1101824K
  class space    used 7070K, capacity 7319K, committed 7344K, reserved 1048576K
Event: 10.523 GC heap after
Heap after GC invocations=15 (full 3):
 PSYoungGen      total 224768K, used 33330K [0x00000000e0000000, 0x00000000f2700000, 0x0000000100000000)
  eden space 161792K, 0% used [0x00000000e0000000,0x00000000e0000000,0x00000000e9e00000)
  from space 62976K, 52% used [0x00000000edb00000,0x00000000efb8c998,0x00000000f1880000)
  to   space 62464K, 0% used [0x00000000e9e00000,0x00000000e9e00000,0x00000000edb00000)
 ParOldGen       total 154112K, used 112900K [0x00000000a0000000, 0x00000000a9680000, 0x00000000e0000000)
  object space 154112K, 73% used [0x00000000a0000000,0x00000000a6e41120,0x00000000a9680000)
 Metaspace       used 57704K, capacity 58689K, committed 59160K, reserved 1101824K
  class space    used 7070K, capacity 7319K, committed 7344K, reserved 1048576K
}
Event: 10.523 GC heap before
{Heap before GC invocations=16 (full 4):
 PSYoungGen      total 224768K, used 33330K [0x00000000e0000000, 0x00000000f2700000, 0x0000000100000000)
  eden space 161792K, 0% used [0x00000000e0000000,0x00000000e0000000,0x00000000e9e00000)
  from space 62976K, 52% used [0x00000000edb00000,0x00000000efb8c998,0x00000000f1880000)
  to   space 62464K, 0% used [0x00000000e9e00000,0x00000000e9e00000,0x00000000edb00000)
 ParOldGen       total 154112K, used 112900K [0x00000000a0000000, 0x00000000a9680000, 0x00000000e0000000)
  object space 154112K, 73% used [0x00000000a0000000,0x00000000a6e41120,0x00000000a9680000)
 Metaspace       used 57704K, capacity 58689K, committed 59160K, reserved 1101824K
  class space    used 7070K, capacity 7319K, committed 7344K, reserved 1048576K
Event: 10.620 GC heap after
Heap after GC invocations=16 (full 4):
 PSYoungGen      total 224768K, used 0K [0x00000000e0000000, 0x00000000f2700000, 0x0000000100000000)
  eden space 161792K, 0% used [0x00000000e0000000,0x00000000e0000000,0x00000000e9e00000)
  from space 62976K, 0% used [0x00000000edb00000,0x00000000edb00000,0x00000000f1880000)
  to   space 62464K, 0% used [0x00000000e9e00000,0x00000000e9e00000,0x00000000edb00000)
 ParOldGen       total 235520K, used 64038K [0x00000000a0000000, 0x00000000ae600000, 0x00000000e0000000)
  object space 235520K, 27% used [0x00000000a0000000,0x00000000a3e89be8,0x00000000ae600000)
 Metaspace       used 57704K, capacity 58689K, committed 59160K, reserved 1101824K
  class space    used 7070K, capacity 7319K, committed 7344K, reserved 1048576K
}
Event: 11.609 GC heap before
{Heap before GC invocations=17 (full 4):
 PSYoungGen      total 224768K, used 161792K [0x00000000e0000000, 0x00000000f2700000, 0x0000000100000000)
  eden space 161792K, 100% used [0x00000000e0000000,0x00000000e9e00000,0x00000000e9e00000)
  from space 62976K, 0% used [0x00000000edb00000,0x00000000edb00000,0x00000000f1880000)
  to   space 62464K, 0% used [0x00000000e9e00000,0x00000000e9e00000,0x00000000edb00000)
 ParOldGen       total 235520K, used 64038K [0x00000000a0000000, 0x00000000ae600000, 0x00000000e0000000)
  object space 235520K, 27% used [0x00000000a0000000,0x00000000a3e89be8,0x00000000ae600000)
 Metaspace       used 64218K, capacity 65388K, committed 66088K, reserved 1107968K
  class space    used 7844K, capacity 8155K, committed 8240K, reserved 1048576K
Event: 11.634 GC heap after
Heap after GC invocations=17 (full 4):
 PSYoungGen      total 224256K, used 51447K [0x00000000e0000000, 0x00000000f6280000, 0x0000000100000000)
  eden space 161792K, 0% used [0x00000000e0000000,0x00000000e0000000,0x00000000e9e00000)
  from space 62464K, 82% used [0x00000000e9e00000,0x00000000ed03dfe0,0x00000000edb00000)
  to   space 68096K, 0% used [0x00000000f2000000,0x00000000f2000000,0x00000000f6280000)
 ParOldGen       total 235520K, used 64046K [0x00000000a0000000, 0x00000000ae600000, 0x00000000e0000000)
  object space 235520K, 27% used [0x00000000a0000000,0x00000000a3e8bbe8,0x00000000ae600000)
 Metaspace       used 64218K, capacity 65388K, committed 66088K, reserved 1107968K
  class space    used 7844K, capacity 8155K, committed 8240K, reserved 1048576K
}

Deoptimization events (10 events):
Event: 11.562 Thread 0x000000001f4de800 Uncommon trap: reason=range_check action=make_not_entrant pc=0x00000000038ad55c method=java.lang.Character.codePointAtImpl([CII)I @ 2
Event: 11.571 Thread 0x000000001c128800 Uncommon trap: reason=bimorphic action=maybe_recompile pc=0x0000000003318acc method=java.security.MessageDigest$Delegate.engineUpdate([BII)V @ 7
Event: 11.572 Thread 0x000000001c128800 Uncommon trap: reason=bimorphic action=maybe_recompile pc=0x0000000003318acc method=java.security.MessageDigest$Delegate.engineUpdate([BII)V @ 7
Event: 11.572 Thread 0x000000001c128800 Uncommon trap: reason=class_check action=maybe_recompile pc=0x000000000331740c method=sun.security.provider.DigestBase.engineUpdate([BII)V @ 128
Event: 11.596 Thread 0x000000001c128800 Uncommon trap: reason=unstable_if action=reinterpret pc=0x00000000032d0a70 method=java.lang.String.indexOf([CII[CIII)I @ 27
Event: 11.649 Thread 0x000000001c128800 Uncommon trap: reason=bimorphic action=maybe_recompile pc=0x0000000003318acc method=java.security.MessageDigest$Delegate.engineUpdate([BII)V @ 7
Event: 11.651 Thread 0x000000001c128800 Uncommon trap: reason=unstable_if action=reinterpret pc=0x0000000003c14fb8 method=java.util.LinkedHashMap.get(Ljava/lang/Object;)Ljava/lang/Object; @ 20
Event: 11.653 Thread 0x000000001c128800 Uncommon trap: reason=bimorphic action=maybe_recompile pc=0x0000000003318acc method=java.security.MessageDigest$Delegate.engineUpdate([BII)V @ 7
Event: 11.688 Thread 0x000000001c128800 Uncommon trap: reason=class_check action=maybe_recompile pc=0x000000000331740c method=sun.security.provider.DigestBase.engineUpdate([BII)V @ 128
Event: 11.691 Thread 0x000000001c128800 Uncommon trap: reason=class_check action=maybe_recompile pc=0x000000000331740c method=sun.security.provider.DigestBase.engineUpdate([BII)V @ 128

Classes redefined (0 events):
No events

Internal exceptions (10 events):
Event: 11.043 Thread 0x000000001f4de800 Exception <a 'java/lang/ClassNotFoundException': io/objectbox/generator/model/EntityBeanInfo> (0x00000000e14d19d8) thrown at [D:\src\AOSP-openjdk-cygwin\jdk8u\hotspot\src\share\vm\classfile\systemDictionary.cpp, line 210]
Event: 11.043 Thread 0x000000001f4de800 Exception <a 'java/lang/ClassNotFoundException': java/lang/ObjectBeanInfo> (0x00000000e14d3cd0) thrown at [D:\src\AOSP-openjdk-cygwin\jdk8u\hotspot\src\share\vm\classfile\systemDictionary.cpp, line 210]
Event: 11.043 Thread 0x000000001f4de800 Exception <a 'java/lang/ClassNotFoundException': java/lang/ObjectCustomizer> (0x00000000e14d62a8) thrown at [D:\src\AOSP-openjdk-cygwin\jdk8u\hotspot\src\share\vm\classfile\systemDictionary.cpp, line 210]
Event: 11.055 Thread 0x000000001f4de800 Exception <a 'java/lang/ClassNotFoundException': io/objectbox/generator/model/EntityCustomizer> (0x00000000e14eb738) thrown at [D:\src\AOSP-openjdk-cygwin\jdk8u\hotspot\src\share\vm\classfile\systemDictionary.cpp, line 210]
Event: 11.073 Thread 0x000000001f4de800 Exception <a 'java/lang/ClassNotFoundException': io/objectbox/generator/model/PropertyBeanInfo> (0x00000000e1639cb0) thrown at [D:\src\AOSP-openjdk-cygwin\jdk8u\hotspot\src\share\vm\classfile\systemDictionary.cpp, line 210]
Event: 11.073 Thread 0x000000001f4de800 Exception <a 'java/lang/ClassNotFoundException': io/objectbox/generator/model/PropertyCustomizer> (0x00000000e1647bf8) thrown at [D:\src\AOSP-openjdk-cygwin\jdk8u\hotspot\src\share\vm\classfile\systemDictionary.cpp, line 210]
Event: 11.083 Thread 0x000000001f4de800 Exception <a 'java/lang/ClassNotFoundException': io/objectbox/generator/IdUidBeanInfo> (0x00000000e16ec7b8) thrown at [D:\src\AOSP-openjdk-cygwin\jdk8u\hotspot\src\share\vm\classfile\systemDictionary.cpp, line 210]
Event: 11.083 Thread 0x000000001f4de800 Exception <a 'java/lang/ClassNotFoundException': io/objectbox/generator/IdUidCustomizer> (0x00000000e16f9718) thrown at [D:\src\AOSP-openjdk-cygwin\jdk8u\hotspot\src\share\vm\classfile\systemDictionary.cpp, line 210]
Event: 11.134 Thread 0x000000001f4de800 Exception <a 'java/lang/ClassNotFoundException': io/objectbox/generator/model/SchemaBeanInfo> (0x00000000e17e6820) thrown at [D:\src\AOSP-openjdk-cygwin\jdk8u\hotspot\src\share\vm\classfile\systemDictionary.cpp, line 210]
Event: 11.134 Thread 0x000000001f4de800 Exception <a 'java/lang/ClassNotFoundException': io/objectbox/generator/model/SchemaCustomizer> (0x00000000e17f4d08) thrown at [D:\src\AOSP-openjdk-cygwin\jdk8u\hotspot\src\share\vm\classfile\systemDictionary.cpp, line 210]

Events (10 events):
Event: 11.755 Thread 0x000000001876e000 flushing nmethod 0x0000000003227410
Event: 11.755 Thread 0x000000001876e000 flushing nmethod 0x000000000324f190
Event: 11.755 Thread 0x000000001876e000 flushing nmethod 0x0000000003257650
Event: 11.755 Thread 0x000000001876e000 flushing nmethod 0x000000000325cd50
Event: 11.755 Thread 0x000000001876e000 flushing nmethod 0x000000000325d0d0
Event: 11.755 Thread 0x000000001876e000 flushing nmethod 0x0000000003272150
Event: 11.755 loading class sun/net/www/protocol/http/AuthCacheValue done
Event: 11.755 loading class sun/net/www/protocol/http/AuthenticationInfo done
Event: 11.755 loading class sun/net/www/protocol/http/AuthCacheImpl
Event: 11.756 loading class sun/net/www/protocol/http/AuthCache


Dynamic libraries:
0x00007ff79fae0000 - 0x00007ff79fb11000 	C:\Program Files\Android\Android Studio\jre\jre\bin\java.exe
0x00007ffd82400000 - 0x00007ffd825f0000 	C:\WINDOWS\SYSTEM32\ntdll.dll
0x00007ffd81b50000 - 0x00007ffd81c02000 	C:\WINDOWS\System32\KERNEL32.DLL
0x00007ffd7f6a0000 - 0x00007ffd7f943000 	C:\WINDOWS\System32\KERNELBASE.dll
0x00007ffd813d0000 - 0x00007ffd81473000 	C:\WINDOWS\System32\ADVAPI32.dll
0x00007ffd80790000 - 0x00007ffd8082e000 	C:\WINDOWS\System32\msvcrt.dll
0x00007ffd81ab0000 - 0x00007ffd81b47000 	C:\WINDOWS\System32\sechost.dll
0x00007ffd81550000 - 0x00007ffd81670000 	C:\WINDOWS\System32\RPCRT4.dll
0x00007ffd805e0000 - 0x00007ffd80773000 	C:\WINDOWS\System32\USER32.dll
0x00007ffd7fb70000 - 0x00007ffd7fb91000 	C:\WINDOWS\System32\win32u.dll
0x00007ffd80530000 - 0x00007ffd80556000 	C:\WINDOWS\System32\GDI32.dll
0x00007ffd7f9d0000 - 0x00007ffd7fb64000 	C:\WINDOWS\System32\gdi32full.dll
0x00007ffd7fba0000 - 0x00007ffd7fc3e000 	C:\WINDOWS\System32\msvcp_win.dll
0x00007ffd7fc40000 - 0x00007ffd7fd3a000 	C:\WINDOWS\System32\ucrtbase.dll
0x00007ffd70190000 - 0x00007ffd70415000 	C:\WINDOWS\WinSxS\amd64_microsoft.windows.common-controls_6595b64144ccf1df_6.0.18362.175_none_e6c3ab1f131014c9\COMCTL32.dll
0x00007ffd81c10000 - 0x00007ffd81f46000 	C:\WINDOWS\System32\combase.dll
0x00007ffd7f5f0000 - 0x00007ffd7f671000 	C:\WINDOWS\System32\bcryptPrimitives.dll
0x00007ffd81670000 - 0x00007ffd8169e000 	C:\WINDOWS\System32\IMM32.DLL
0x0000000062fa0000 - 0x0000000063072000 	C:\Program Files\Android\Android Studio\jre\jre\bin\msvcr100.dll
0x0000000063500000 - 0x0000000063d41000 	C:\Program Files\Android\Android Studio\jre\jre\bin\server\jvm.dll
0x00007ffd80830000 - 0x00007ffd80838000 	C:\WINDOWS\System32\PSAPI.DLL
0x00007ffd66620000 - 0x00007ffd66629000 	C:\WINDOWS\SYSTEM32\WSOCK32.dll
0x00007ffd7b8c0000 - 0x00007ffd7b8e4000 	C:\WINDOWS\SYSTEM32\WINMM.dll
0x00007ffd79980000 - 0x00007ffd7998a000 	C:\WINDOWS\SYSTEM32\VERSION.dll
0x00007ffd81830000 - 0x00007ffd8189f000 	C:\WINDOWS\System32\WS2_32.dll
0x00007ffd7b890000 - 0x00007ffd7b8bd000 	C:\WINDOWS\SYSTEM32\winmmbase.dll
0x00007ffd7f980000 - 0x00007ffd7f9ca000 	C:\WINDOWS\System32\cfgmgr32.dll
0x00007ffd6bba0000 - 0x00007ffd6bbaf000 	C:\Program Files\Android\Android Studio\jre\jre\bin\verify.dll
0x00007ffd5e2b0000 - 0x00007ffd5e2d9000 	C:\Program Files\Android\Android Studio\jre\jre\bin\java.dll
0x00007ffd6bb80000 - 0x00007ffd6bb96000 	C:\Program Files\Android\Android Studio\jre\jre\bin\zip.dll
0x00007ffd808a0000 - 0x00007ffd80f80000 	C:\WINDOWS\System32\SHELL32.dll
0x00007ffd81780000 - 0x00007ffd81829000 	C:\WINDOWS\System32\shcore.dll
0x00007ffd7fd40000 - 0x00007ffd804bb000 	C:\WINDOWS\System32\windows.storage.dll
0x00007ffd7f370000 - 0x00007ffd7f38f000 	C:\WINDOWS\System32\profapi.dll
0x00007ffd7f300000 - 0x00007ffd7f34a000 	C:\WINDOWS\System32\powrprof.dll
0x00007ffd7f2d0000 - 0x00007ffd7f2e0000 	C:\WINDOWS\System32\UMPDC.dll
0x00007ffd81a50000 - 0x00007ffd81aa2000 	C:\WINDOWS\System32\shlwapi.dll
0x00007ffd7f350000 - 0x00007ffd7f361000 	C:\WINDOWS\System32\kernel.appcore.dll
0x00007ffd7f680000 - 0x00007ffd7f697000 	C:\WINDOWS\System32\cryptsp.dll
0x00007ffd7bae0000 - 0x00007ffd7baed000 	C:\Program Files\Android\Android Studio\jre\jre\bin\management.dll
0x00007ffd6c600000 - 0x00007ffd6c61a000 	C:\Program Files\Android\Android Studio\jre\jre\bin\net.dll
0x00007ffd7eb40000 - 0x00007ffd7eba7000 	C:\WINDOWS\system32\mswsock.dll
0x00007ffd6bce0000 - 0x00007ffd6bcf1000 	C:\Program Files\Android\Android Studio\jre\jre\bin\nio.dll
0x00007ffd7e700000 - 0x00007ffd7e733000 	C:\WINDOWS\system32\rsaenh.dll
0x00007ffd7f950000 - 0x00007ffd7f976000 	C:\WINDOWS\System32\bcrypt.dll
0x00007ffd7f1f0000 - 0x00007ffd7f215000 	C:\WINDOWS\SYSTEM32\USERENV.dll
0x00007ffd7ed10000 - 0x00007ffd7ed1c000 	C:\WINDOWS\SYSTEM32\CRYPTBASE.dll
0x00007ffd7e8a0000 - 0x00007ffd7e8da000 	C:\WINDOWS\SYSTEM32\IPHLPAPI.DLL
0x00007ffd80780000 - 0x00007ffd80788000 	C:\WINDOWS\System32\NSI.dll
0x00007ffd77dc0000 - 0x00007ffd77dd6000 	C:\WINDOWS\SYSTEM32\dhcpcsvc6.DLL
0x00007ffd78400000 - 0x00007ffd7841c000 	C:\WINDOWS\SYSTEM32\dhcpcsvc.DLL
0x00007ffd7e8e0000 - 0x00007ffd7e9aa000 	C:\WINDOWS\SYSTEM32\DNSAPI.dll
0x00007ffd5a840000 - 0x00007ffd5a864000 	C:\Program Files\Android\Android Studio\jre\jre\bin\sunec.dll
0x00007ffd70e30000 - 0x00007ffd70e3b000 	C:\Program Files\Android\Android Studio\jre\jre\bin\sunmscapi.dll
0x00007ffd7f4a0000 - 0x00007ffd7f5e9000 	C:\WINDOWS\System32\CRYPT32.dll
0x00007ffd7f2e0000 - 0x00007ffd7f2f2000 	C:\WINDOWS\System32\MSASN1.dll
0x00007ffd77d80000 - 0x00007ffd77d8a000 	C:\Windows\System32\rasadhlp.dll
0x00007ffd76ee0000 - 0x00007ffd76f57000 	C:\WINDOWS\System32\fwpuclnt.dll

VM Arguments:
jvm_args: -Djava.awt.headless=true -Djava.rmi.server.hostname=127.0.0.1 -Xmx1536m -Dkotlin.environment.keepalive 
java_command: org.jetbrains.kotlin.daemon.KotlinCompileDaemon --daemon-runFilesPath C:\Users\Shandy\AppData\Local\kotlin\daemon --daemon-autoshutdownIdleSeconds=7200 --daemon-compilerClasspath C:\Users\Shandy\.gradle\caches\modules-2\files-2.1\org.jetbrains.kotlin\kotlin-compiler-embeddable\1.3.20\ee2efe0fdd12b607e3ac01dd79da99a168ac85c5\kotlin-compiler-embeddable-1.3.20.jar;C:\Users\Shandy\.gradle\caches\modules-2\files-2.1\org.jetbrains.kotlin\kotlin-reflect\1.3.20\cd49eec32cf964333faf59e04b4085eac7008477\kotlin-reflect-1.3.20.jar;C:\Users\Shandy\.gradle\caches\modules-2\files-2.1\org.jetbrains.kotlin\kotlin-stdlib\1.3.20\eb2a232734e09fcd1b958a5c7520a93c6de38b32\kotlin-stdlib-1.3.20.jar;C:\Users\Shandy\.gradle\caches\modules-2\files-2.1\org.jetbrains.kotlin\kotlin-script-runtime\1.3.20\312febd3c42137fcc5477e6666d6eec16631b176\kotlin-script-runtime-1.3.20.jar;C:\Users\Shandy\.gradle\caches\modules-2\files-2.1\org.jetbrains.intellij.deps\trove4j\1.0.20181211\216c2e14b070f334479d800987affe4054cd563f\trove4j-1.0.20181211.jar;C:\Users\Shandy\.gradle\caches\modules-2\files-2.1\org.jetbrains.kotlin\kotlin-stdlib-common\1.3.20\7d7934e26ce34da1a0a8d00e38038d7cf3375e89\kotlin-stdlib-common-1.3.20.jar;C:\Users\Shandy\.gradle\caches\modules-2\files-2.1\org.jetbrains\annotations\13.0\919f0dfe192fb4e063e7dacadee7f8bb9a2672a9\annotations-13.0.jar;C:\Program Files\Android\Android Studio\jre\lib\tools.jar
java_class_path (initial): C:\Users\Shandy\.gradle\caches\modules-2\files-2.1\org.jetbrains.kotlin\kotlin-compiler-embeddable\1.3.20\ee2efe0fdd12b607e3ac01dd79da99a168ac85c5\kotlin-compiler-embeddable-1.3.20.jar;C:\Users\Shandy\.gradle\caches\modules-2\files-2.1\org.jetbrains.kotlin\kotlin-reflect\1.3.20\cd49eec32cf964333faf59e04b4085eac7008477\kotlin-reflect-1.3.20.jar;C:\Users\Shandy\.gradle\caches\modules-2\files-2.1\org.jetbrains.kotlin\kotlin-stdlib\1.3.20\eb2a232734e09fcd1b958a5c7520a93c6de38b32\kotlin-stdlib-1.3.20.jar;C:\Users\Shandy\.gradle\caches\modules-2\files-2.1\org.jetbrains.kotlin\kotlin-script-runtime\1.3.20\312febd3c42137fcc5477e6666d6eec16631b176\kotlin-script-runtime-1.3.20.jar;C:\Users\Shandy\.gradle\caches\modules-2\files-2.1\org.jetbrains.intellij.deps\trove4j\1.0.20181211\216c2e14b070f334479d800987affe4054cd563f\trove4j-1.0.20181211.jar;C:\Users\Shandy\.gradle\caches\modules-2\files-2.1\org.jetbrains.kotlin\kotlin-stdlib-common\1.3.20\7d7934e26ce34da1a0a8d00e38038d7cf3375e89\kotlin-stdlib-common-1.3.20.jar;C:\Users\Shandy\.gradle\caches\modules-2\files-2.1\org.jetbrains\annotations\13.0\919f0dfe192fb4e063e7dacadee7f8bb9a2672a9\annotations-13.0.jar;C:\Program Files\Android\Android Studio\jre\lib\tools.jar
Launcher Type: SUN_STANDARD

Environment Variables:
JAVA_HOME=C:\Program Files\Java\jdk1.8.0_192
USERNAME=Shandy
OS=Windows_NT
PROCESSOR_IDENTIFIER=Intel64 Family 6 Model 158 Stepping 10, GenuineIntel



---------------  S Y S T E M  ---------------

OS: Windows 10.0 , 64 bit Build 18362 (10.0.18362.86)

CPU:total 12 (initial active 12) (6 cores per cpu, 2 threads per core) family 6 model 158 stepping 10, cmov, cx8, fxsr, mmx, sse, sse2, sse3, ssse3, sse4.1, sse4.2, popcnt, avx, avx2, aes, clmul, erms, 3dnowpref, lzcnt, ht, tsc, tscinvbit, bmi1, bmi2, adx

Memory: 4k page, physical 12439108k(644252k free), swap 20827716k(6016k free)

vm_info: OpenJDK 64-Bit Server VM (25.152-b01) for windows-amd64 JRE (1.8.0_152-release-1343-b01), built by "builder" with MS VC++ 10.0 (VS2010)

time: Wed Jul 03 17:11:56 2019
elapsed time: 11 seconds (0d 0h 0m 11s)

